<?xml version="1.0" encoding="UTF-8"?>
<!-- Generated by org.testng.reporters.JUnitXMLReporter -->
<testsuite ignored="0" hostname="Sagarika-Rai" failures="0" tests="2" name="Surefire test" time="42.21" errors="0" timestamp="2026-06-07T20:05:14 CEST">
  <testcase classname="seleniumproject.testcomponents.ItemCheckoutFlowTest" name="submitOrderFlow" time="16.628"/>
  <testcase classname="seleniumproject.testcomponents.ItemCheckoutFlowTest" name="submitOrderFlow" time="16.508"/>
</testsuite> <!-- Surefire test -->
