<?xml version="1.0" encoding="UTF-8"?>
<testng-results ignored="0" total="2" passed="2" failed="0" skipped="0">
  <reporter-output>
  </reporter-output>
  <suite started-at="2026-06-07T20:04:32 CEST" name="Surefire suite" finished-at="2026-06-07T20:05:14 CEST" duration-ms="42210">
    <groups>
    </groups>
    <test started-at="2026-06-07T20:04:32 CEST" name="Surefire test" finished-at="2026-06-07T20:05:14 CEST" duration-ms="42210">
      <class name="seleniumproject.testcomponents.ItemCheckoutFlowTest">
        <test-method is-config="true" signature="launchApplication()[pri:0, instance:seleniumproject.testcomponents.ItemCheckoutFlowTest@c33b74f]" started-at="2026-06-07T20:04:32 CEST" name="launchApplication" finished-at="2026-06-07T20:04:37 CEST" duration-ms="5282" status="PASS">
          <reporter-output>
          </reporter-output>
        </test-method> <!-- launchApplication -->
        <test-method signature="submitOrderFlow(java.lang.String,java.lang.String,java.lang.String,java.lang.String)[pri:0, instance:seleniumproject.testcomponents.ItemCheckoutFlowTest@c33b74f]" started-at="2026-06-07T20:04:37 CEST" name="submitOrderFlow" data-provider="getData" finished-at="2026-06-07T20:04:54 CEST" duration-ms="16628" status="PASS">
          <params>
            <param index="0">
              <value>
                <![CDATA[sagatest@gmail.com]]>
              </value>
            </param>
            <param index="1">
              <value>
                <![CDATA[Password@1]]>
              </value>
            </param>
            <param index="2">
              <value>
                <![CDATA[ZARA COAT 3]]>
              </value>
            </param>
            <param index="3">
              <value>
                <![CDATA[France]]>
              </value>
            </param>
          </params>
          <reporter-output>
          </reporter-output>
        </test-method> <!-- submitOrderFlow -->
        <test-method is-config="true" signature="tearDown()[pri:0, instance:seleniumproject.testcomponents.ItemCheckoutFlowTest@c33b74f]" started-at="2026-06-07T20:04:54 CEST" name="tearDown" finished-at="2026-06-07T20:04:54 CEST" duration-ms="330" status="PASS">
          <reporter-output>
          </reporter-output>
        </test-method> <!-- tearDown -->
        <test-method is-config="true" signature="launchApplication()[pri:0, instance:seleniumproject.testcomponents.ItemCheckoutFlowTest@c33b74f]" started-at="2026-06-07T20:04:54 CEST" name="launchApplication" finished-at="2026-06-07T20:04:57 CEST" duration-ms="3079" status="PASS">
          <reporter-output>
          </reporter-output>
        </test-method> <!-- launchApplication -->
        <test-method signature="submitOrderFlow(java.lang.String,java.lang.String,java.lang.String,java.lang.String)[pri:0, instance:seleniumproject.testcomponents.ItemCheckoutFlowTest@c33b74f]" started-at="2026-06-07T20:04:57 CEST" name="submitOrderFlow" data-provider="getData" finished-at="2026-06-07T20:05:14 CEST" duration-ms="16508" status="PASS">
          <params>
            <param index="0">
              <value>
                <![CDATA[Rai1997@gmail.com]]>
              </value>
            </param>
            <param index="1">
              <value>
                <![CDATA[Tester@12345]]>
              </value>
            </param>
            <param index="2">
              <value>
                <![CDATA[ADIDAS ORIGINAL]]>
              </value>
            </param>
            <param index="3">
              <value>
                <![CDATA[India]]>
              </value>
            </param>
          </params>
          <reporter-output>
          </reporter-output>
        </test-method> <!-- submitOrderFlow -->
        <test-method is-config="true" signature="tearDown()[pri:0, instance:seleniumproject.testcomponents.ItemCheckoutFlowTest@c33b74f]" started-at="2026-06-07T20:05:14 CEST" name="tearDown" finished-at="2026-06-07T20:05:14 CEST" duration-ms="333" status="PASS">
          <reporter-output>
          </reporter-output>
        </test-method> <!-- tearDown -->
      </class> <!-- seleniumproject.testcomponents.ItemCheckoutFlowTest -->
    </test> <!-- Surefire test -->
  </suite> <!-- Surefire suite -->
</testng-results>
