<?xml version="1.0" encoding="UTF-8"?>
<!-- Generated by org.testng.reporters.JUnitReportReporter -->
<testsuite hostname="Sagarika-Rai" failures="0" tests="2" name="seleniumproject.testcomponents.ItemCheckoutFlowTest" time="42.160" errors="0" timestamp="2026-06-07T20:05:14 CEST" skipped="0">
  <testcase classname="seleniumproject.testcomponents.ItemCheckoutFlowTest" name="submitOrderFlow" time="22.240"/>
  <testcase classname="seleniumproject.testcomponents.ItemCheckoutFlowTest" name="submitOrderFlow" time="19.920"/>
</testsuite> <!-- seleniumproject.testcomponents.ItemCheckoutFlowTest -->
